<?xml version="1.0" encoding="UTF-8"?>
<!-- Generated by org.testng.reporters.JUnitReportReporter -->
<testsuite hostname="yusans-MacBook-Air.local" failures="0" tests="1" name="runner.cukesRunner" time="0.166" errors="0" timestamp="2022-05-08T19:54:50 EDT" skipped="0">
  <testcase classname="runner.cukesRunner" name="runScenario" time="0.166"/>
  <system-out/>
</testsuite> <!-- runner.cukesRunner -->
