<?xml version="1.0" encoding="UTF-8"?>
<!-- Generated by org.testng.reporters.JUnitReportReporter -->
<testsuite hostname="yusans-MacBook-Air.local" failures="0" tests="3" name="runner.cukesRunner" time="0.153" errors="0" timestamp="2022-06-19T22:13:33 EDT" skipped="0">
  <testcase classname="runner.cukesRunner" name="runScenario" time="0.019"/>
  <system-out/>
  <testcase classname="runner.cukesRunner" name="runScenario" time="0.028"/>
  <system-out/>
  <testcase classname="runner.cukesRunner" name="runScenario" time="0.106"/>
  <system-out/>
</testsuite> <!-- runner.cukesRunner -->
