<?xml version="1.0" encoding="UTF-8"?>
<!-- Generated by org.testng.reporters.JUnitReportReporter -->
<testsuite hostname="yusans-MacBook-Air.local" failures="0" tests="1" name="runner.cukesRunner" time="13.986" errors="0" timestamp="2022-06-13T21:41:26 EDT" skipped="0">
  <testcase classname="runner.cukesRunner" name="runScenario" time="13.986"/>
  <system-out/>
</testsuite> <!-- runner.cukesRunner -->
